d:\proj\l24\project1\x64\debug\vc141.pdb
d:\proj\l24\project1\x64\debug\readcsv.obj
d:\proj\l24\project1\x64\debug\openfiles.obj
d:\proj\l24\project1\x64\debug\myform2.obj
d:\proj\l24\project1\x64\debug\calculate.obj
d:\proj\l24\project1\x64\debug\.netframework,version=v4.6.assemblyattributes.obj
d:\proj\l24\project1\x64\debug\.netframework,version=v4.6.assemblyattributes.asm
d:\proj\l24\project1\x64\debug\project1.myform2.resources
d:\proj\l24\project1\x64\debug\project1.vcxproj.generateresource.cache
d:\proj\l24\project1\x64\debug\project1.vcxprojassemblyreference.cache
d:\proj\l24\project1\x64\debug\project1.tlog\cl.command.1.tlog
d:\proj\l24\project1\x64\debug\project1.tlog\cl.read.1.tlog
d:\proj\l24\project1\x64\debug\project1.tlog\cl.write.1.tlog
d:\proj\l24\project1\x64\debug\project1.tlog\link.8328.read.1.tlog
d:\proj\l24\project1\x64\debug\project1.tlog\link.8328.write.1.tlog
d:\proj\l24\project1\x64\debug\project1.tlog\link.command.1.tlog
d:\proj\l24\project1\x64\debug\project1.tlog\link.read.1.tlog
d:\proj\l24\project1\x64\debug\project1.tlog\link.write.1.tlog
d:\proj\l24\project1\x64\debug\project1.tlog\metagen.read.1.tlog
d:\proj\l24\project1\x64\debug\project1.tlog\metagen.write.1.tlog
d:\proj\l24\project1\x64\debug\project1.tlog\project1.write.1u.tlog
d:\proj\l24\project1\x64\debug\project1.tlog\rsaenh.dll.bi
d:\proj\l24\project1\x64\debug\project1.tlog\tzres.dll.bi
