d:\proj\project1\project1\debug\vc141.pdb
d:\proj\project1\project1\debug\readcsv.obj
d:\proj\project1\project1\debug\openfiles.obj
d:\proj\project1\project1\debug\myform2.obj
d:\proj\project1\project1\debug\calculate.obj
d:\proj\project1\project1\debug\.netframework,version=v4.6.assemblyattributes.obj
d:\proj\project1\project1\debug\.netframework,version=v4.6.assemblyattributes.asm
d:\proj\project1\debug\project1.exe
d:\proj\project1\debug\project1.pdb
d:\proj\project1\project1\debug\project1.myform2.resources
d:\proj\project1\project1\debug\project1.vcxproj.generateresource.cache
d:\proj\project1\project1\debug\project1.tlog\cl.command.1.tlog
d:\proj\project1\project1\debug\project1.tlog\cl.read.1.tlog
d:\proj\project1\project1\debug\project1.tlog\cl.write.1.tlog
d:\proj\project1\project1\debug\project1.tlog\link.command.1.tlog
d:\proj\project1\project1\debug\project1.tlog\link.read.1.tlog
d:\proj\project1\project1\debug\project1.tlog\link.write.1.tlog
d:\proj\project1\project1\debug\project1.tlog\metagen.read.1.tlog
d:\proj\project1\project1\debug\project1.tlog\metagen.write.1.tlog
d:\proj\project1\project1\debug\project1.tlog\project1.write.1u.tlog
d:\proj\project1\project1\debug\project1.tlog\rsaenh.dll.bi
d:\proj\project1\project1\debug\project1.tlog\tzres.dll.bi
